INFO - 2023-11-17 06:07:21 --> Session: Class initialized using 'CodeIgniter\Session\Handlers\FileHandler' driver.
INFO - 2023-11-17 06:07:44 --> Session: Class initialized using 'CodeIgniter\Session\Handlers\FileHandler' driver.
INFO - 2023-11-17 06:07:53 --> Session: Class initialized using 'CodeIgniter\Session\Handlers\FileHandler' driver.
INFO - 2023-11-17 06:08:01 --> Session: Class initialized using 'CodeIgniter\Session\Handlers\FileHandler' driver.
INFO - 2023-11-17 06:12:27 --> Session: Class initialized using 'CodeIgniter\Session\Handlers\FileHandler' driver.
INFO - 2023-11-17 06:19:20 --> Session: Class initialized using 'CodeIgniter\Session\Handlers\FileHandler' driver.
INFO - 2023-11-17 06:24:43 --> Session: Class initialized using 'CodeIgniter\Session\Handlers\FileHandler' driver.
INFO - 2023-11-17 06:25:20 --> Session: Class initialized using 'CodeIgniter\Session\Handlers\FileHandler' driver.
INFO - 2023-11-17 06:25:49 --> Session: Class initialized using 'CodeIgniter\Session\Handlers\FileHandler' driver.
CRITICAL - 2023-11-17 06:46:01 --> Undefined variable $buku
in APPPATH\Views\utsview\detailbukuview.php on line 16.
 1 APPPATH\Views\utsview\detailbukuview.php(16): CodeIgniter\Debug\Exceptions->errorHandler(2, 'Undefined variable $buku', 'D:\\stimik\\pemweb 2\\projectci-uts-0080\\app\\Views\\utsview\\detailbukuview.php', 16)
 2 SYSTEMPATH\View\View.php(228): include('D:\\stimik\\pemweb 2\\projectci-uts-0080\\app\\Views\\utsview\\detailbukuview.php')
 3 SYSTEMPATH\View\View.php(231): CodeIgniter\View\View->CodeIgniter\View\{closure}()
 4 SYSTEMPATH\Common.php(1190): CodeIgniter\View\View->render('utsview/detailbukuview', [], true)
 5 APPPATH\Controllers\Iwan.php(23): view('utsview/detailbukuview')
 6 SYSTEMPATH\CodeIgniter.php(942): App\Controllers\Iwan->detailbuku()
 7 SYSTEMPATH\CodeIgniter.php(502): CodeIgniter\CodeIgniter->runController(Object(App\Controllers\Iwan))
 8 SYSTEMPATH\CodeIgniter.php(361): CodeIgniter\CodeIgniter->handleRequest(null, Object(Config\Cache), false)
 9 FCPATH\index.php(79): CodeIgniter\CodeIgniter->run()
10 SYSTEMPATH\Commands\Server\rewrite.php(47): require_once('D:\\stimik\\pemweb 2\\projectci-uts-0080\\public\\index.php')
CRITICAL - 2023-11-17 06:54:54 --> Invalid file: "utsview/detailbuku.php"
in SYSTEMPATH\Exceptions\FrameworkException.php on line 39.
 1 SYSTEMPATH\View\View.php(216): CodeIgniter\Exceptions\FrameworkException::forInvalidFile('utsview/detailbuku.php')
 2 SYSTEMPATH\Common.php(1190): CodeIgniter\View\View->render('utsview/detailbuku', [], true)
 3 APPPATH\Controllers\Iwan.php(28): view('utsview/detailbuku', [...])
 4 SYSTEMPATH\CodeIgniter.php(942): App\Controllers\Iwan->detailbuku('', 'TD598')
 5 SYSTEMPATH\CodeIgniter.php(502): CodeIgniter\CodeIgniter->runController(Object(App\Controllers\Iwan))
 6 SYSTEMPATH\CodeIgniter.php(361): CodeIgniter\CodeIgniter->handleRequest(null, Object(Config\Cache), false)
 7 FCPATH\index.php(79): CodeIgniter\CodeIgniter->run()
 8 SYSTEMPATH\Commands\Server\rewrite.php(47): require_once('D:\\stimik\\pemweb 2\\projectci-uts-0080\\public\\index.php')
CRITICAL - 2023-11-17 06:56:28 --> Undefined variable $data
in APPPATH\Views\utsview\detailbukuview.php on line 16.
 1 APPPATH\Views\utsview\detailbukuview.php(16): CodeIgniter\Debug\Exceptions->errorHandler(2, 'Undefined variable $data', 'D:\\stimik\\pemweb 2\\projectci-uts-0080\\app\\Views\\utsview\\detailbukuview.php', 16)
 2 SYSTEMPATH\View\View.php(228): include('D:\\stimik\\pemweb 2\\projectci-uts-0080\\app\\Views\\utsview\\detailbukuview.php')
 3 SYSTEMPATH\View\View.php(231): CodeIgniter\View\View->CodeIgniter\View\{closure}()
 4 SYSTEMPATH\Common.php(1190): CodeIgniter\View\View->render('utsview/detailbukuview', [], true)
 5 APPPATH\Controllers\Iwan.php(28): view('utsview/detailbukuview', [...])
 6 SYSTEMPATH\CodeIgniter.php(942): App\Controllers\Iwan->detailbuku('', 'TD598')
 7 SYSTEMPATH\CodeIgniter.php(502): CodeIgniter\CodeIgniter->runController(Object(App\Controllers\Iwan))
 8 SYSTEMPATH\CodeIgniter.php(361): CodeIgniter\CodeIgniter->handleRequest(null, Object(Config\Cache), false)
 9 FCPATH\index.php(79): CodeIgniter\CodeIgniter->run()
10 SYSTEMPATH\Commands\Server\rewrite.php(47): require_once('D:\\stimik\\pemweb 2\\projectci-uts-0080\\public\\index.php')
CRITICAL - 2023-11-17 06:57:10 --> CodeIgniter\BaseModel::findAll(): Argument #1 ($limit) must be of type int, string given, called in D:\stimik\pemweb 2\projectci-uts-0080\app\Controllers\Iwan.php on line 24
in SYSTEMPATH\BaseModel.php on line 607.
 1 APPPATH\Controllers\Iwan.php(24): CodeIgniter\BaseModel->findAll('')
 2 SYSTEMPATH\CodeIgniter.php(942): App\Controllers\Iwan->detailbuku('', 'TD598')
 3 SYSTEMPATH\CodeIgniter.php(502): CodeIgniter\CodeIgniter->runController(Object(App\Controllers\Iwan))
 4 SYSTEMPATH\CodeIgniter.php(361): CodeIgniter\CodeIgniter->handleRequest(null, Object(Config\Cache), false)
 5 FCPATH\index.php(79): CodeIgniter\CodeIgniter->run()
 6 SYSTEMPATH\Commands\Server\rewrite.php(47): require_once('D:\\stimik\\pemweb 2\\projectci-uts-0080\\public\\index.php')
CRITICAL - 2023-11-17 06:57:54 --> Trying to access array offset on value of type null
in APPPATH\Views\utsview\detailbukuview.php on line 16.
 1 APPPATH\Views\utsview\detailbukuview.php(16): CodeIgniter\Debug\Exceptions->errorHandler(2, 'Trying to access array offset on value of type null', 'D:\\stimik\\pemweb 2\\projectci-uts-0080\\app\\Views\\utsview\\detailbukuview.php', 16)
 2 SYSTEMPATH\View\View.php(228): include('D:\\stimik\\pemweb 2\\projectci-uts-0080\\app\\Views\\utsview\\detailbukuview.php')
 3 SYSTEMPATH\View\View.php(231): CodeIgniter\View\View->CodeIgniter\View\{closure}()
 4 SYSTEMPATH\Common.php(1190): CodeIgniter\View\View->render('utsview/detailbukuview', [], true)
 5 APPPATH\Controllers\Iwan.php(28): view('utsview/detailbukuview', [...])
 6 SYSTEMPATH\CodeIgniter.php(942): App\Controllers\Iwan->detailbuku('', 'TD598')
 7 SYSTEMPATH\CodeIgniter.php(502): CodeIgniter\CodeIgniter->runController(Object(App\Controllers\Iwan))
 8 SYSTEMPATH\CodeIgniter.php(361): CodeIgniter\CodeIgniter->handleRequest(null, Object(Config\Cache), false)
 9 FCPATH\index.php(79): CodeIgniter\CodeIgniter->run()
10 SYSTEMPATH\Commands\Server\rewrite.php(47): require_once('D:\\stimik\\pemweb 2\\projectci-uts-0080\\public\\index.php')
CRITICAL - 2023-11-17 06:58:15 --> Trying to access array offset on value of type null
in APPPATH\Views\utsview\detailbukuview.php on line 16.
 1 APPPATH\Views\utsview\detailbukuview.php(16): CodeIgniter\Debug\Exceptions->errorHandler(2, 'Trying to access array offset on value of type null', 'D:\\stimik\\pemweb 2\\projectci-uts-0080\\app\\Views\\utsview\\detailbukuview.php', 16)
 2 SYSTEMPATH\View\View.php(228): include('D:\\stimik\\pemweb 2\\projectci-uts-0080\\app\\Views\\utsview\\detailbukuview.php')
 3 SYSTEMPATH\View\View.php(231): CodeIgniter\View\View->CodeIgniter\View\{closure}()
 4 SYSTEMPATH\Common.php(1190): CodeIgniter\View\View->render('utsview/detailbukuview', [], true)
 5 APPPATH\Controllers\Iwan.php(28): view('utsview/detailbukuview', [...])
 6 SYSTEMPATH\CodeIgniter.php(942): App\Controllers\Iwan->detailbuku('', 'TD598')
 7 SYSTEMPATH\CodeIgniter.php(502): CodeIgniter\CodeIgniter->runController(Object(App\Controllers\Iwan))
 8 SYSTEMPATH\CodeIgniter.php(361): CodeIgniter\CodeIgniter->handleRequest(null, Object(Config\Cache), false)
 9 FCPATH\index.php(79): CodeIgniter\CodeIgniter->run()
10 SYSTEMPATH\Commands\Server\rewrite.php(47): require_once('D:\\stimik\\pemweb 2\\projectci-uts-0080\\public\\index.php')
CRITICAL - 2023-11-17 06:58:36 --> CodeIgniter\BaseModel::findAll(): Argument #1 ($limit) must be of type int, string given, called in D:\stimik\pemweb 2\projectci-uts-0080\app\Controllers\Iwan.php on line 24
in SYSTEMPATH\BaseModel.php on line 607.
 1 APPPATH\Controllers\Iwan.php(24): CodeIgniter\BaseModel->findAll('')
 2 SYSTEMPATH\CodeIgniter.php(942): App\Controllers\Iwan->detailbuku('', 'TD598')
 3 SYSTEMPATH\CodeIgniter.php(502): CodeIgniter\CodeIgniter->runController(Object(App\Controllers\Iwan))
 4 SYSTEMPATH\CodeIgniter.php(361): CodeIgniter\CodeIgniter->handleRequest(null, Object(Config\Cache), false)
 5 FCPATH\index.php(79): CodeIgniter\CodeIgniter->run()
 6 SYSTEMPATH\Commands\Server\rewrite.php(47): require_once('D:\\stimik\\pemweb 2\\projectci-uts-0080\\public\\index.php')
CRITICAL - 2023-11-17 06:59:29 --> Trying to access array offset on value of type null
in APPPATH\Views\utsview\detailbukuview.php on line 16.
 1 APPPATH\Views\utsview\detailbukuview.php(16): CodeIgniter\Debug\Exceptions->errorHandler(2, 'Trying to access array offset on value of type null', 'D:\\stimik\\pemweb 2\\projectci-uts-0080\\app\\Views\\utsview\\detailbukuview.php', 16)
 2 SYSTEMPATH\View\View.php(228): include('D:\\stimik\\pemweb 2\\projectci-uts-0080\\app\\Views\\utsview\\detailbukuview.php')
 3 SYSTEMPATH\View\View.php(231): CodeIgniter\View\View->CodeIgniter\View\{closure}()
 4 SYSTEMPATH\Common.php(1190): CodeIgniter\View\View->render('utsview/detailbukuview', [], true)
 5 APPPATH\Controllers\Iwan.php(28): view('utsview/detailbukuview', [...])
 6 SYSTEMPATH\CodeIgniter.php(942): App\Controllers\Iwan->detailbuku('', 'TD598')
 7 SYSTEMPATH\CodeIgniter.php(502): CodeIgniter\CodeIgniter->runController(Object(App\Controllers\Iwan))
 8 SYSTEMPATH\CodeIgniter.php(361): CodeIgniter\CodeIgniter->handleRequest(null, Object(Config\Cache), false)
 9 FCPATH\index.php(79): CodeIgniter\CodeIgniter->run()
10 SYSTEMPATH\Commands\Server\rewrite.php(47): require_once('D:\\stimik\\pemweb 2\\projectci-uts-0080\\public\\index.php')
CRITICAL - 2023-11-17 07:01:06 --> Trying to access array offset on value of type null
in APPPATH\Views\utsview\detailbukuview.php on line 16.
 1 APPPATH\Views\utsview\detailbukuview.php(16): CodeIgniter\Debug\Exceptions->errorHandler(2, 'Trying to access array offset on value of type null', 'D:\\stimik\\pemweb 2\\projectci-uts-0080\\app\\Views\\utsview\\detailbukuview.php', 16)
 2 SYSTEMPATH\View\View.php(228): include('D:\\stimik\\pemweb 2\\projectci-uts-0080\\app\\Views\\utsview\\detailbukuview.php')
 3 SYSTEMPATH\View\View.php(231): CodeIgniter\View\View->CodeIgniter\View\{closure}()
 4 SYSTEMPATH\Common.php(1190): CodeIgniter\View\View->render('utsview/detailbukuview', [], true)
 5 APPPATH\Controllers\Iwan.php(28): view('utsview/detailbukuview', [...])
 6 SYSTEMPATH\CodeIgniter.php(942): App\Controllers\Iwan->detailbuku('', 'TD598')
 7 SYSTEMPATH\CodeIgniter.php(502): CodeIgniter\CodeIgniter->runController(Object(App\Controllers\Iwan))
 8 SYSTEMPATH\CodeIgniter.php(361): CodeIgniter\CodeIgniter->handleRequest(null, Object(Config\Cache), false)
 9 FCPATH\index.php(79): CodeIgniter\CodeIgniter->run()
10 SYSTEMPATH\Commands\Server\rewrite.php(47): require_once('D:\\stimik\\pemweb 2\\projectci-uts-0080\\public\\index.php')
CRITICAL - 2023-11-17 07:04:03 --> Undefined variable $databuku
in APPPATH\Views\utsview\detailbukuview.php on line 16.
 1 APPPATH\Views\utsview\detailbukuview.php(16): CodeIgniter\Debug\Exceptions->errorHandler(2, 'Undefined variable $databuku', 'D:\\stimik\\pemweb 2\\projectci-uts-0080\\app\\Views\\utsview\\detailbukuview.php', 16)
 2 SYSTEMPATH\View\View.php(228): include('D:\\stimik\\pemweb 2\\projectci-uts-0080\\app\\Views\\utsview\\detailbukuview.php')
 3 SYSTEMPATH\View\View.php(231): CodeIgniter\View\View->CodeIgniter\View\{closure}()
 4 SYSTEMPATH\Common.php(1190): CodeIgniter\View\View->render('utsview/detailbukuview', [], true)
 5 APPPATH\Controllers\Iwan.php(24): view('utsview/detailbukuview')
 6 SYSTEMPATH\CodeIgniter.php(942): App\Controllers\Iwan->detailbuku('', 'TD598')
 7 SYSTEMPATH\CodeIgniter.php(502): CodeIgniter\CodeIgniter->runController(Object(App\Controllers\Iwan))
 8 SYSTEMPATH\CodeIgniter.php(361): CodeIgniter\CodeIgniter->handleRequest(null, Object(Config\Cache), false)
 9 FCPATH\index.php(79): CodeIgniter\CodeIgniter->run()
10 SYSTEMPATH\Commands\Server\rewrite.php(47): require_once('D:\\stimik\\pemweb 2\\projectci-uts-0080\\public\\index.php')
CRITICAL - 2023-11-17 07:04:07 --> Undefined variable $databuku
in APPPATH\Views\utsview\detailbukuview.php on line 16.
 1 APPPATH\Views\utsview\detailbukuview.php(16): CodeIgniter\Debug\Exceptions->errorHandler(2, 'Undefined variable $databuku', 'D:\\stimik\\pemweb 2\\projectci-uts-0080\\app\\Views\\utsview\\detailbukuview.php', 16)
 2 SYSTEMPATH\View\View.php(228): include('D:\\stimik\\pemweb 2\\projectci-uts-0080\\app\\Views\\utsview\\detailbukuview.php')
 3 SYSTEMPATH\View\View.php(231): CodeIgniter\View\View->CodeIgniter\View\{closure}()
 4 SYSTEMPATH\Common.php(1190): CodeIgniter\View\View->render('utsview/detailbukuview', [], true)
 5 APPPATH\Controllers\Iwan.php(24): view('utsview/detailbukuview')
 6 SYSTEMPATH\CodeIgniter.php(942): App\Controllers\Iwan->detailbuku('', 'TD598')
 7 SYSTEMPATH\CodeIgniter.php(502): CodeIgniter\CodeIgniter->runController(Object(App\Controllers\Iwan))
 8 SYSTEMPATH\CodeIgniter.php(361): CodeIgniter\CodeIgniter->handleRequest(null, Object(Config\Cache), false)
 9 FCPATH\index.php(79): CodeIgniter\CodeIgniter->run()
10 SYSTEMPATH\Commands\Server\rewrite.php(47): require_once('D:\\stimik\\pemweb 2\\projectci-uts-0080\\public\\index.php')
ERROR - 2023-11-17 09:03:43 --> Error connecting to the database: mysqli_sql_exception: No connection could be made because the target machine actively refused it in D:\stimik\pemweb 2\projectci-uts-0080\system\Database\MySQLi\Connection.php:185
Stack trace:
#0 D:\stimik\pemweb 2\projectci-uts-0080\system\Database\MySQLi\Connection.php(185): mysqli->real_connect('localhost', 'root', '', 'db_utsci_0080', 3306, '', 0)
#1 D:\stimik\pemweb 2\projectci-uts-0080\system\Database\BaseConnection.php(392): CodeIgniter\Database\MySQLi\Connection->connect(false)
#2 D:\stimik\pemweb 2\projectci-uts-0080\system\Database\BaseConnection.php(575): CodeIgniter\Database\BaseConnection->initialize()
#3 D:\stimik\pemweb 2\projectci-uts-0080\system\Database\BaseBuilder.php(1615): CodeIgniter\Database\BaseConnection->query('SELECT *\nFROM `...', Array, false)
#4 D:\stimik\pemweb 2\projectci-uts-0080\system\Model.php(237): CodeIgniter\Database\BaseBuilder->get()
#5 D:\stimik\pemweb 2\projectci-uts-0080\system\BaseModel.php(624): CodeIgniter\Model->doFindAll(0, 0)
#6 D:\stimik\pemweb 2\projectci-uts-0080\app\Controllers\Iwan.php(14): CodeIgniter\BaseModel->findAll()
#7 D:\stimik\pemweb 2\projectci-uts-0080\system\CodeIgniter.php(942): App\Controllers\Iwan->databuku()
#8 D:\stimik\pemweb 2\projectci-uts-0080\system\CodeIgniter.php(502): CodeIgniter\CodeIgniter->runController(Object(App\Controllers\Iwan))
#9 D:\stimik\pemweb 2\projectci-uts-0080\system\CodeIgniter.php(361): CodeIgniter\CodeIgniter->handleRequest(NULL, Object(Config\Cache), false)
#10 D:\stimik\pemweb 2\projectci-uts-0080\public\index.php(79): CodeIgniter\CodeIgniter->run()
#11 D:\stimik\pemweb 2\projectci-uts-0080\system\Commands\Server\rewrite.php(47): require_once('D:\\stimik\\pemwe...')
#12 {main}

Next CodeIgniter\Database\Exceptions\DatabaseException: No connection could be made because the target machine actively refused it in D:\stimik\pemweb 2\projectci-uts-0080\system\Database\MySQLi\Connection.php:229
Stack trace:
#0 D:\stimik\pemweb 2\projectci-uts-0080\system\Database\BaseConnection.php(392): CodeIgniter\Database\MySQLi\Connection->connect(false)
#1 D:\stimik\pemweb 2\projectci-uts-0080\system\Database\BaseConnection.php(575): CodeIgniter\Database\BaseConnection->initialize()
#2 D:\stimik\pemweb 2\projectci-uts-0080\system\Database\BaseBuilder.php(1615): CodeIgniter\Database\BaseConnection->query('SELECT *\nFROM `...', Array, false)
#3 D:\stimik\pemweb 2\projectci-uts-0080\system\Model.php(237): CodeIgniter\Database\BaseBuilder->get()
#4 D:\stimik\pemweb 2\projectci-uts-0080\system\BaseModel.php(624): CodeIgniter\Model->doFindAll(0, 0)
#5 D:\stimik\pemweb 2\projectci-uts-0080\app\Controllers\Iwan.php(14): CodeIgniter\BaseModel->findAll()
#6 D:\stimik\pemweb 2\projectci-uts-0080\system\CodeIgniter.php(942): App\Controllers\Iwan->databuku()
#7 D:\stimik\pemweb 2\projectci-uts-0080\system\CodeIgniter.php(502): CodeIgniter\CodeIgniter->runController(Object(App\Controllers\Iwan))
#8 D:\stimik\pemweb 2\projectci-uts-0080\system\CodeIgniter.php(361): CodeIgniter\CodeIgniter->handleRequest(NULL, Object(Config\Cache), false)
#9 D:\stimik\pemweb 2\projectci-uts-0080\public\index.php(79): CodeIgniter\CodeIgniter->run()
#10 D:\stimik\pemweb 2\projectci-uts-0080\system\Commands\Server\rewrite.php(47): require_once('D:\\stimik\\pemwe...')
#11 {main}
CRITICAL - 2023-11-17 09:03:43 --> Unable to connect to the database.
Main connection [MySQLi]: No connection could be made because the target machine actively refused it
in SYSTEMPATH\Database\BaseConnection.php on line 428.
 1 SYSTEMPATH\Database\BaseConnection.php(575): CodeIgniter\Database\BaseConnection->initialize()
 2 SYSTEMPATH\Database\BaseBuilder.php(1615): CodeIgniter\Database\BaseConnection->query('SELECT *
FROM `tbbuku_0080`', [], false)
 3 SYSTEMPATH\Model.php(237): CodeIgniter\Database\BaseBuilder->get()
 4 SYSTEMPATH\BaseModel.php(624): CodeIgniter\Model->doFindAll(0, 0)
 5 APPPATH\Controllers\Iwan.php(14): CodeIgniter\BaseModel->findAll()
 6 SYSTEMPATH\CodeIgniter.php(942): App\Controllers\Iwan->databuku()
 7 SYSTEMPATH\CodeIgniter.php(502): CodeIgniter\CodeIgniter->runController(Object(App\Controllers\Iwan))
 8 SYSTEMPATH\CodeIgniter.php(361): CodeIgniter\CodeIgniter->handleRequest(null, Object(Config\Cache), false)
 9 FCPATH\index.php(79): CodeIgniter\CodeIgniter->run()
10 SYSTEMPATH\Commands\Server\rewrite.php(47): require_once('D:\\stimik\\pemweb 2\\projectci-uts-0080\\public\\index.php')
INFO - 2023-11-17 09:04:03 --> Session: Class initialized using 'CodeIgniter\Session\Handlers\FileHandler' driver.
INFO - 2023-11-17 09:05:02 --> Session: Class initialized using 'CodeIgniter\Session\Handlers\FileHandler' driver.
INFO - 2023-11-17 09:08:42 --> Session: Class initialized using 'CodeIgniter\Session\Handlers\FileHandler' driver.
CRITICAL - 2023-11-17 09:09:26 --> CodeIgniter\BaseModel::findAll(): Argument #1 ($limit) must be of type int, string given, called in D:\stimik\pemweb 2\projectci-uts-0080\app\Controllers\Iwan.php on line 27
in SYSTEMPATH\BaseModel.php on line 607.
 1 APPPATH\Controllers\Iwan.php(27): CodeIgniter\BaseModel->findAll('')
 2 SYSTEMPATH\CodeIgniter.php(942): App\Controllers\Iwan->detailbuku('', 'TD598')
 3 SYSTEMPATH\CodeIgniter.php(502): CodeIgniter\CodeIgniter->runController(Object(App\Controllers\Iwan))
 4 SYSTEMPATH\CodeIgniter.php(361): CodeIgniter\CodeIgniter->handleRequest(null, Object(Config\Cache), false)
 5 FCPATH\index.php(79): CodeIgniter\CodeIgniter->run()
 6 SYSTEMPATH\Commands\Server\rewrite.php(47): require_once('D:\\stimik\\pemweb 2\\projectci-uts-0080\\public\\index.php')
INFO - 2023-11-17 09:09:41 --> Session: Class initialized using 'CodeIgniter\Session\Handlers\FileHandler' driver.
INFO - 2023-11-17 09:14:09 --> Session: Class initialized using 'CodeIgniter\Session\Handlers\FileHandler' driver.
INFO - 2023-11-17 09:14:42 --> Session: Class initialized using 'CodeIgniter\Session\Handlers\FileHandler' driver.
INFO - 2023-11-17 09:24:26 --> Session: Class initialized using 'CodeIgniter\Session\Handlers\FileHandler' driver.
CRITICAL - 2023-11-17 09:34:51 --> CodeIgniter\BaseModel::findAll(): Argument #1 ($limit) must be of type int, string given, called in D:\stimik\pemweb 2\projectci-uts-0080\app\Controllers\Iwan.php on line 24
in SYSTEMPATH\BaseModel.php on line 607.
 1 APPPATH\Controllers\Iwan.php(24): CodeIgniter\BaseModel->findAll('')
 2 SYSTEMPATH\CodeIgniter.php(942): App\Controllers\Iwan->detailbuku('', 'TD598')
 3 SYSTEMPATH\CodeIgniter.php(502): CodeIgniter\CodeIgniter->runController(Object(App\Controllers\Iwan))
 4 SYSTEMPATH\CodeIgniter.php(361): CodeIgniter\CodeIgniter->handleRequest(null, Object(Config\Cache), false)
 5 FCPATH\index.php(79): CodeIgniter\CodeIgniter->run()
 6 SYSTEMPATH\Commands\Server\rewrite.php(47): require_once('D:\\stimik\\pemweb 2\\projectci-uts-0080\\public\\index.php')
INFO - 2023-11-17 09:58:25 --> Session: Class initialized using 'CodeIgniter\Session\Handlers\FileHandler' driver.
INFO - 2023-11-17 10:01:22 --> Session: Class initialized using 'CodeIgniter\Session\Handlers\FileHandler' driver.
INFO - 2023-11-17 10:02:06 --> Session: Class initialized using 'CodeIgniter\Session\Handlers\FileHandler' driver.
INFO - 2023-11-17 10:02:48 --> Session: Class initialized using 'CodeIgniter\Session\Handlers\FileHandler' driver.
INFO - 2023-11-17 10:12:00 --> Session: Class initialized using 'CodeIgniter\Session\Handlers\FileHandler' driver.
INFO - 2023-11-17 10:12:51 --> Session: Class initialized using 'CodeIgniter\Session\Handlers\FileHandler' driver.
INFO - 2023-11-17 10:14:40 --> Session: Class initialized using 'CodeIgniter\Session\Handlers\FileHandler' driver.
INFO - 2023-11-17 10:15:44 --> Session: Class initialized using 'CodeIgniter\Session\Handlers\FileHandler' driver.
INFO - 2023-11-17 10:16:03 --> Session: Class initialized using 'CodeIgniter\Session\Handlers\FileHandler' driver.
CRITICAL - 2023-11-17 12:38:12 --> Cannot use object of type App\Models\ModelBuku as array
in APPPATH\Controllers\Iwan.php on line 163.
 1 SYSTEMPATH\CodeIgniter.php(942): App\Controllers\Iwan->deletebuku('5t5t')
 2 SYSTEMPATH\CodeIgniter.php(502): CodeIgniter\CodeIgniter->runController(Object(App\Controllers\Iwan))
 3 SYSTEMPATH\CodeIgniter.php(361): CodeIgniter\CodeIgniter->handleRequest(null, Object(Config\Cache), false)
 4 FCPATH\index.php(79): CodeIgniter\CodeIgniter->run()
 5 SYSTEMPATH\Commands\Server\rewrite.php(47): require_once('D:\\stimik\\pemweb 2\\projectci-uts-0080\\public\\index.php')
CRITICAL - 2023-11-17 12:39:18 --> Cannot use object of type App\Models\ModelBuku as array
in APPPATH\Controllers\Iwan.php on line 165.
 1 SYSTEMPATH\CodeIgniter.php(942): App\Controllers\Iwan->deletebuku('5t5t')
 2 SYSTEMPATH\CodeIgniter.php(502): CodeIgniter\CodeIgniter->runController(Object(App\Controllers\Iwan))
 3 SYSTEMPATH\CodeIgniter.php(361): CodeIgniter\CodeIgniter->handleRequest(null, Object(Config\Cache), false)
 4 FCPATH\index.php(79): CodeIgniter\CodeIgniter->run()
 5 SYSTEMPATH\Commands\Server\rewrite.php(47): require_once('D:\\stimik\\pemweb 2\\projectci-uts-0080\\public\\index.php')
INFO - 2023-11-17 12:39:33 --> Session: Class initialized using 'CodeIgniter\Session\Handlers\FileHandler' driver.
INFO - 2023-11-17 12:42:00 --> Session: Class initialized using 'CodeIgniter\Session\Handlers\FileHandler' driver.
INFO - 2023-11-17 12:42:29 --> Session: Class initialized using 'CodeIgniter\Session\Handlers\FileHandler' driver.
INFO - 2023-11-17 12:47:15 --> Session: Class initialized using 'CodeIgniter\Session\Handlers\FileHandler' driver.
INFO - 2023-11-17 12:52:16 --> Session: Class initialized using 'CodeIgniter\Session\Handlers\FileHandler' driver.
INFO - 2023-11-17 12:52:20 --> Session: Class initialized using 'CodeIgniter\Session\Handlers\FileHandler' driver.
CRITICAL - 2023-11-17 12:59:24 --> Cannot use object of type App\Models\ModelBuku as array
in APPPATH\Controllers\Iwan.php on line 161.
 1 SYSTEMPATH\CodeIgniter.php(942): App\Controllers\Iwan->deletebuku('TD673')
 2 SYSTEMPATH\CodeIgniter.php(502): CodeIgniter\CodeIgniter->runController(Object(App\Controllers\Iwan))
 3 SYSTEMPATH\CodeIgniter.php(361): CodeIgniter\CodeIgniter->handleRequest(null, Object(Config\Cache), false)
 4 FCPATH\index.php(79): CodeIgniter\CodeIgniter->run()
 5 SYSTEMPATH\Commands\Server\rewrite.php(47): require_once('D:\\stimik\\pemweb 2\\projectci-uts-0080\\public\\index.php')
INFO - 2023-11-17 13:11:56 --> Session: Class initialized using 'CodeIgniter\Session\Handlers\FileHandler' driver.
INFO - 2023-11-17 13:12:01 --> Session: Class initialized using 'CodeIgniter\Session\Handlers\FileHandler' driver.
CRITICAL - 2023-11-17 13:17:05 --> Trying to access array offset on value of type null
in APPPATH\Controllers\Iwan.php on line 29.
 1 APPPATH\Controllers\Iwan.php(29): CodeIgniter\Debug\Exceptions->errorHandler(2, 'Trying to access array offset on value of type null', 'D:\\stimik\\pemweb 2\\projectci-uts-0080\\app\\Controllers\\Iwan.php', 29)
 2 SYSTEMPATH\CodeIgniter.php(942): App\Controllers\Iwan->detailbuku('', 'TD673')
 3 SYSTEMPATH\CodeIgniter.php(502): CodeIgniter\CodeIgniter->runController(Object(App\Controllers\Iwan))
 4 SYSTEMPATH\CodeIgniter.php(361): CodeIgniter\CodeIgniter->handleRequest(null, Object(Config\Cache), false)
 5 FCPATH\index.php(79): CodeIgniter\CodeIgniter->run()
 6 SYSTEMPATH\Commands\Server\rewrite.php(47): require_once('D:\\stimik\\pemweb 2\\projectci-uts-0080\\public\\index.php')
CRITICAL - 2023-11-17 13:20:38 --> Trying to access array offset on value of type null
in APPPATH\Controllers\Iwan.php on line 29.
 1 APPPATH\Controllers\Iwan.php(29): CodeIgniter\Debug\Exceptions->errorHandler(2, 'Trying to access array offset on value of type null', 'D:\\stimik\\pemweb 2\\projectci-uts-0080\\app\\Controllers\\Iwan.php', 29)
 2 SYSTEMPATH\CodeIgniter.php(942): App\Controllers\Iwan->detailbuku('', 'TD673')
 3 SYSTEMPATH\CodeIgniter.php(502): CodeIgniter\CodeIgniter->runController(Object(App\Controllers\Iwan))
 4 SYSTEMPATH\CodeIgniter.php(361): CodeIgniter\CodeIgniter->handleRequest(null, Object(Config\Cache), false)
 5 FCPATH\index.php(79): CodeIgniter\CodeIgniter->run()
 6 SYSTEMPATH\Commands\Server\rewrite.php(47): require_once('D:\\stimik\\pemweb 2\\projectci-uts-0080\\public\\index.php')
CRITICAL - 2023-11-17 13:31:01 --> Trying to access array offset on value of type null
in APPPATH\Controllers\Iwan.php on line 28.
 1 APPPATH\Controllers\Iwan.php(28): CodeIgniter\Debug\Exceptions->errorHandler(2, 'Trying to access array offset on value of type null', 'D:\\stimik\\pemweb 2\\projectci-uts-0080\\app\\Controllers\\Iwan.php', 28)
 2 SYSTEMPATH\CodeIgniter.php(942): App\Controllers\Iwan->detailbuku('', 'TD673')
 3 SYSTEMPATH\CodeIgniter.php(502): CodeIgniter\CodeIgniter->runController(Object(App\Controllers\Iwan))
 4 SYSTEMPATH\CodeIgniter.php(361): CodeIgniter\CodeIgniter->handleRequest(null, Object(Config\Cache), false)
 5 FCPATH\index.php(79): CodeIgniter\CodeIgniter->run()
 6 SYSTEMPATH\Commands\Server\rewrite.php(47): require_once('D:\\stimik\\pemweb 2\\projectci-uts-0080\\public\\index.php')
CRITICAL - 2023-11-17 13:31:14 --> Trying to access array offset on value of type null
in APPPATH\Controllers\Iwan.php on line 28.
 1 APPPATH\Controllers\Iwan.php(28): CodeIgniter\Debug\Exceptions->errorHandler(2, 'Trying to access array offset on value of type null', 'D:\\stimik\\pemweb 2\\projectci-uts-0080\\app\\Controllers\\Iwan.php', 28)
 2 SYSTEMPATH\CodeIgniter.php(942): App\Controllers\Iwan->detailbuku('', 'TD673')
 3 SYSTEMPATH\CodeIgniter.php(502): CodeIgniter\CodeIgniter->runController(Object(App\Controllers\Iwan))
 4 SYSTEMPATH\CodeIgniter.php(361): CodeIgniter\CodeIgniter->handleRequest(null, Object(Config\Cache), false)
 5 FCPATH\index.php(79): CodeIgniter\CodeIgniter->run()
 6 SYSTEMPATH\Commands\Server\rewrite.php(47): require_once('D:\\stimik\\pemweb 2\\projectci-uts-0080\\public\\index.php')
